0 info it worked if it ends with ok
1 verbose cli [ '/Users/tehsis/.nvm/versions/node/v4.4.3/bin/node',
1 verbose cli   '/Users/tehsis/.nvm/versions/node/v4.4.3/bin/npm',
1 verbose cli   'i',
1 verbose cli   '--save',
1 verbose cli   '@types/cordova-plugin-nativestorage' ]
2 info using npm@2.15.1
3 info using node@v4.4.3
4 verbose install initial load of /Users/tehsis/workspace/bunnywars/package.json
5 warn package.json bunnywars@0.0.1 No repository field.
6 verbose installManyTop reading scoped package data from /Users/tehsis/workspace/bunnywars/node_modules/JSONStream/package.json
7 verbose installManyTop reading scoped package data from /Users/tehsis/workspace/bunnywars/node_modules/abbrev/package.json
8 verbose installManyTop reading scoped package data from /Users/tehsis/workspace/bunnywars/node_modules/accepts/package.json
9 verbose installManyTop reading scoped package data from /Users/tehsis/workspace/bunnywars/node_modules/acorn/package.json
10 verbose installManyTop reading scoped package data from /Users/tehsis/workspace/bunnywars/node_modules/aliasify/package.json
11 verbose installManyTop reading scoped package data from /Users/tehsis/workspace/bunnywars/node_modules/ansi/package.json
12 verbose installManyTop reading scoped package data from /Users/tehsis/workspace/bunnywars/node_modules/ansi-escapes/package.json
13 verbose installManyTop reading scoped package data from /Users/tehsis/workspace/bunnywars/node_modules/ansi-regex/package.json
14 verbose installManyTop reading scoped package data from /Users/tehsis/workspace/bunnywars/node_modules/ansi-styles/package.json
15 verbose installManyTop reading scoped package data from /Users/tehsis/workspace/bunnywars/node_modules/array-filter/package.json
16 verbose installManyTop reading scoped package data from /Users/tehsis/workspace/bunnywars/node_modules/array-map/package.json
17 verbose installManyTop reading scoped package data from /Users/tehsis/workspace/bunnywars/node_modules/array-reduce/package.json
18 verbose installManyTop reading scoped package data from /Users/tehsis/workspace/bunnywars/node_modules/asn1/package.json
19 verbose installManyTop reading scoped package data from /Users/tehsis/workspace/bunnywars/node_modules/asn1.js/package.json
20 verbose installManyTop reading scoped package data from /Users/tehsis/workspace/bunnywars/node_modules/assert/package.json
21 verbose installManyTop reading scoped package data from /Users/tehsis/workspace/bunnywars/node_modules/assert-plus/package.json
22 verbose installManyTop reading scoped package data from /Users/tehsis/workspace/bunnywars/node_modules/astw/package.json
23 verbose installManyTop reading scoped package data from /Users/tehsis/workspace/bunnywars/node_modules/async/package.json
24 verbose installManyTop reading scoped package data from /Users/tehsis/workspace/bunnywars/node_modules/asynckit/package.json
25 verbose installManyTop reading scoped package data from /Users/tehsis/workspace/bunnywars/node_modules/auth0-lock/package.json
26 verbose installManyTop reading scoped package data from /Users/tehsis/workspace/bunnywars/node_modules/aws-sign2/package.json
27 verbose installManyTop reading scoped package data from /Users/tehsis/workspace/bunnywars/node_modules/aws4/package.json
28 verbose installManyTop reading scoped package data from /Users/tehsis/workspace/bunnywars/node_modules/balanced-match/package.json
29 verbose installManyTop reading scoped package data from /Users/tehsis/workspace/bunnywars/node_modules/base64-js/package.json
30 verbose installManyTop reading scoped package data from /Users/tehsis/workspace/bunnywars/node_modules/bcrypt-pbkdf/package.json
31 verbose installManyTop reading scoped package data from /Users/tehsis/workspace/bunnywars/node_modules/big-integer/package.json
32 verbose installManyTop reading scoped package data from /Users/tehsis/workspace/bunnywars/node_modules/bl/package.json
33 verbose installManyTop reading scoped package data from /Users/tehsis/workspace/bunnywars/node_modules/block-stream/package.json
34 verbose installManyTop reading scoped package data from /Users/tehsis/workspace/bunnywars/node_modules/bn.js/package.json
35 verbose installManyTop reading scoped package data from /Users/tehsis/workspace/bunnywars/node_modules/boom/package.json
36 verbose installManyTop reading scoped package data from /Users/tehsis/workspace/bunnywars/node_modules/bplist-creator/package.json
37 verbose installManyTop reading scoped package data from /Users/tehsis/workspace/bunnywars/node_modules/bplist-parser/package.json
38 verbose installManyTop reading scoped package data from /Users/tehsis/workspace/bunnywars/node_modules/brace-expansion/package.json
39 verbose installManyTop reading scoped package data from /Users/tehsis/workspace/bunnywars/node_modules/brorand/package.json
40 verbose installManyTop reading scoped package data from /Users/tehsis/workspace/bunnywars/node_modules/browser-pack/package.json
41 verbose installManyTop reading scoped package data from /Users/tehsis/workspace/bunnywars/node_modules/browser-resolve/package.json
42 verbose installManyTop reading scoped package data from /Users/tehsis/workspace/bunnywars/node_modules/browserify/package.json
43 verbose installManyTop reading scoped package data from /Users/tehsis/workspace/bunnywars/node_modules/browserify-aes/package.json
44 verbose installManyTop reading scoped package data from /Users/tehsis/workspace/bunnywars/node_modules/browserify-cipher/package.json
45 verbose installManyTop reading scoped package data from /Users/tehsis/workspace/bunnywars/node_modules/browserify-des/package.json
46 verbose installManyTop reading scoped package data from /Users/tehsis/workspace/bunnywars/node_modules/browserify-rsa/package.json
47 verbose installManyTop reading scoped package data from /Users/tehsis/workspace/bunnywars/node_modules/browserify-sign/package.json
48 verbose installManyTop reading scoped package data from /Users/tehsis/workspace/bunnywars/node_modules/browserify-transform-tools/package.json
49 verbose installManyTop reading scoped package data from /Users/tehsis/workspace/bunnywars/node_modules/browserify-zlib/package.json
50 verbose installManyTop reading scoped package data from /Users/tehsis/workspace/bunnywars/node_modules/buffer/package.json
51 verbose installManyTop reading scoped package data from /Users/tehsis/workspace/bunnywars/node_modules/buffer-shims/package.json
52 verbose installManyTop reading scoped package data from /Users/tehsis/workspace/bunnywars/node_modules/buffer-xor/package.json
53 verbose installManyTop reading scoped package data from /Users/tehsis/workspace/bunnywars/node_modules/builtin-modules/package.json
54 verbose installManyTop reading scoped package data from /Users/tehsis/workspace/bunnywars/node_modules/builtin-status-codes/package.json
55 verbose installManyTop reading scoped package data from /Users/tehsis/workspace/bunnywars/node_modules/builtins/package.json
56 verbose installManyTop reading scoped package data from /Users/tehsis/workspace/bunnywars/node_modules/bytes/package.json
57 verbose installManyTop reading scoped package data from /Users/tehsis/workspace/bunnywars/node_modules/cached-path-relative/package.json
58 verbose installManyTop reading scoped package data from /Users/tehsis/workspace/bunnywars/node_modules/caseless/package.json
59 verbose installManyTop reading scoped package data from /Users/tehsis/workspace/bunnywars/node_modules/chalk/package.json
60 verbose installManyTop reading scoped package data from /Users/tehsis/workspace/bunnywars/node_modules/cipher-base/package.json
61 verbose installManyTop reading scoped package data from /Users/tehsis/workspace/bunnywars/node_modules/cli-cursor/package.json
62 verbose installManyTop reading scoped package data from /Users/tehsis/workspace/bunnywars/node_modules/cli-width/package.json
63 verbose installManyTop reading scoped package data from /Users/tehsis/workspace/bunnywars/node_modules/code-point-at/package.json
64 verbose installManyTop reading scoped package data from /Users/tehsis/workspace/bunnywars/node_modules/combine-source-map/package.json
65 verbose installManyTop reading scoped package data from /Users/tehsis/workspace/bunnywars/node_modules/combined-stream/package.json
66 verbose installManyTop reading scoped package data from /Users/tehsis/workspace/bunnywars/node_modules/commander/package.json
67 verbose installManyTop reading scoped package data from /Users/tehsis/workspace/bunnywars/node_modules/compressible/package.json
68 verbose installManyTop reading scoped package data from /Users/tehsis/workspace/bunnywars/node_modules/compression/package.json
69 verbose installManyTop reading scoped package data from /Users/tehsis/workspace/bunnywars/node_modules/concat-map/package.json
70 verbose installManyTop reading scoped package data from /Users/tehsis/workspace/bunnywars/node_modules/concat-stream/package.json
71 verbose installManyTop reading scoped package data from /Users/tehsis/workspace/bunnywars/node_modules/configstore/package.json
72 verbose installManyTop reading scoped package data from /Users/tehsis/workspace/bunnywars/node_modules/console-browserify/package.json
73 verbose installManyTop reading scoped package data from /Users/tehsis/workspace/bunnywars/node_modules/constants-browserify/package.json
74 verbose installManyTop reading scoped package data from /Users/tehsis/workspace/bunnywars/node_modules/convert-source-map/package.json
75 verbose installManyTop reading scoped package data from /Users/tehsis/workspace/bunnywars/node_modules/cordova/package.json
76 verbose installManyTop reading scoped package data from /Users/tehsis/workspace/bunnywars/node_modules/cordova-app-hello-world/package.json
77 verbose installManyTop reading scoped package data from /Users/tehsis/workspace/bunnywars/node_modules/cordova-common/package.json
78 verbose installManyTop reading scoped package data from /Users/tehsis/workspace/bunnywars/node_modules/cordova-create/package.json
79 verbose installManyTop reading scoped package data from /Users/tehsis/workspace/bunnywars/node_modules/cordova-fetch/package.json
80 verbose installManyTop reading scoped package data from /Users/tehsis/workspace/bunnywars/node_modules/cordova-js/package.json
81 verbose installManyTop reading scoped package data from /Users/tehsis/workspace/bunnywars/node_modules/cordova-lib/package.json
82 verbose installManyTop reading scoped package data from /Users/tehsis/workspace/bunnywars/node_modules/cordova-registry-mapper/package.json
83 verbose installManyTop reading scoped package data from /Users/tehsis/workspace/bunnywars/node_modules/cordova-serve/package.json
84 verbose installManyTop reading scoped package data from /Users/tehsis/workspace/bunnywars/node_modules/core-util-is/package.json
85 verbose installManyTop reading scoped package data from /Users/tehsis/workspace/bunnywars/node_modules/create-ecdh/package.json
86 verbose installManyTop reading scoped package data from /Users/tehsis/workspace/bunnywars/node_modules/create-hash/package.json
87 verbose installManyTop reading scoped package data from /Users/tehsis/workspace/bunnywars/node_modules/create-hmac/package.json
88 verbose installManyTop reading scoped package data from /Users/tehsis/workspace/bunnywars/node_modules/cryptiles/package.json
89 verbose installManyTop reading scoped package data from /Users/tehsis/workspace/bunnywars/node_modules/crypto-browserify/package.json
90 verbose installManyTop reading scoped package data from /Users/tehsis/workspace/bunnywars/node_modules/ctype/package.json
91 verbose installManyTop reading scoped package data from /Users/tehsis/workspace/bunnywars/node_modules/dashdash/package.json
92 verbose installManyTop reading scoped package data from /Users/tehsis/workspace/bunnywars/node_modules/date-now/package.json
93 verbose installManyTop reading scoped package data from /Users/tehsis/workspace/bunnywars/node_modules/debug/package.json
94 verbose installManyTop reading scoped package data from /Users/tehsis/workspace/bunnywars/node_modules/deep-extend/package.json
95 verbose installManyTop reading scoped package data from /Users/tehsis/workspace/bunnywars/node_modules/defined/package.json
96 verbose installManyTop reading scoped package data from /Users/tehsis/workspace/bunnywars/node_modules/delayed-stream/package.json
97 verbose installManyTop reading scoped package data from /Users/tehsis/workspace/bunnywars/node_modules/dep-graph/package.json
98 verbose installManyTop reading scoped package data from /Users/tehsis/workspace/bunnywars/node_modules/dependency-ls/package.json
99 verbose installManyTop reading scoped package data from /Users/tehsis/workspace/bunnywars/node_modules/deps-sort/package.json
100 verbose installManyTop reading scoped package data from /Users/tehsis/workspace/bunnywars/node_modules/des.js/package.json
101 verbose installManyTop reading scoped package data from /Users/tehsis/workspace/bunnywars/node_modules/detective/package.json
102 verbose installManyTop reading scoped package data from /Users/tehsis/workspace/bunnywars/node_modules/diffie-hellman/package.json
103 verbose installManyTop reading scoped package data from /Users/tehsis/workspace/bunnywars/node_modules/domain-browser/package.json
104 verbose installManyTop reading scoped package data from /Users/tehsis/workspace/bunnywars/node_modules/duplexer2/package.json
105 verbose installManyTop reading scoped package data from /Users/tehsis/workspace/bunnywars/node_modules/duplexify/package.json
106 verbose installManyTop reading scoped package data from /Users/tehsis/workspace/bunnywars/node_modules/ecc-jsbn/package.json
107 verbose installManyTop reading scoped package data from /Users/tehsis/workspace/bunnywars/node_modules/elementtree/package.json
108 verbose installManyTop reading scoped package data from /Users/tehsis/workspace/bunnywars/node_modules/elliptic/package.json
109 verbose installManyTop reading scoped package data from /Users/tehsis/workspace/bunnywars/node_modules/end-of-stream/package.json
110 verbose installManyTop reading scoped package data from /Users/tehsis/workspace/bunnywars/node_modules/es6-promise/package.json
111 verbose installManyTop reading scoped package data from /Users/tehsis/workspace/bunnywars/node_modules/escape-string-regexp/package.json
112 verbose installManyTop reading scoped package data from /Users/tehsis/workspace/bunnywars/node_modules/events/package.json
113 verbose installManyTop reading scoped package data from /Users/tehsis/workspace/bunnywars/node_modules/evp_bytestokey/package.json
114 verbose installManyTop reading scoped package data from /Users/tehsis/workspace/bunnywars/node_modules/exit-hook/package.json
115 verbose installManyTop reading scoped package data from /Users/tehsis/workspace/bunnywars/node_modules/express/package.json
116 verbose installManyTop reading scoped package data from /Users/tehsis/workspace/bunnywars/node_modules/extend/package.json
117 verbose installManyTop reading scoped package data from /Users/tehsis/workspace/bunnywars/node_modules/extsprintf/package.json
118 verbose installManyTop reading scoped package data from /Users/tehsis/workspace/bunnywars/node_modules/falafel/package.json
119 verbose installManyTop reading scoped package data from /Users/tehsis/workspace/bunnywars/node_modules/figures/package.json
120 verbose installManyTop reading scoped package data from /Users/tehsis/workspace/bunnywars/node_modules/foreach/package.json
121 verbose installManyTop reading scoped package data from /Users/tehsis/workspace/bunnywars/node_modules/forever-agent/package.json
122 verbose installManyTop reading scoped package data from /Users/tehsis/workspace/bunnywars/node_modules/form-data/package.json
123 verbose installManyTop reading scoped package data from /Users/tehsis/workspace/bunnywars/node_modules/fs.realpath/package.json
124 verbose installManyTop reading scoped package data from /Users/tehsis/workspace/bunnywars/node_modules/fstream/package.json
125 verbose installManyTop reading scoped package data from /Users/tehsis/workspace/bunnywars/node_modules/function-bind/package.json
126 verbose installManyTop reading scoped package data from /Users/tehsis/workspace/bunnywars/node_modules/generate-function/package.json
127 verbose installManyTop reading scoped package data from /Users/tehsis/workspace/bunnywars/node_modules/generate-object-property/package.json
128 verbose installManyTop reading scoped package data from /Users/tehsis/workspace/bunnywars/node_modules/getpass/package.json
129 verbose installManyTop reading scoped package data from /Users/tehsis/workspace/bunnywars/node_modules/glob/package.json
130 verbose installManyTop reading scoped package data from /Users/tehsis/workspace/bunnywars/node_modules/got/package.json
131 verbose installManyTop reading scoped package data from /Users/tehsis/workspace/bunnywars/node_modules/graceful-fs/package.json
132 verbose installManyTop reading scoped package data from /Users/tehsis/workspace/bunnywars/node_modules/graceful-readlink/package.json
133 verbose installManyTop reading scoped package data from /Users/tehsis/workspace/bunnywars/node_modules/gulp/package.json
134 verbose installManyTop reading scoped package data from /Users/tehsis/workspace/bunnywars/node_modules/gulp-fontmin/package.json
135 verbose installManyTop reading scoped package data from /Users/tehsis/workspace/bunnywars/node_modules/gulp-htmlmin/package.json
136 verbose installManyTop reading scoped package data from /Users/tehsis/workspace/bunnywars/node_modules/gulp-imagemin/package.json
137 verbose installManyTop reading scoped package data from /Users/tehsis/workspace/bunnywars/node_modules/gulp-less/package.json
138 verbose installManyTop reading scoped package data from /Users/tehsis/workspace/bunnywars/node_modules/gulp-load-plugins/package.json
139 verbose installManyTop reading scoped package data from /Users/tehsis/workspace/bunnywars/node_modules/gulp-minify-css/package.json
140 verbose installManyTop reading scoped package data from /Users/tehsis/workspace/bunnywars/node_modules/gulp-replace/package.json
141 verbose installManyTop reading scoped package data from /Users/tehsis/workspace/bunnywars/node_modules/gulp-webpack/package.json
142 verbose installManyTop reading scoped package data from /Users/tehsis/workspace/bunnywars/node_modules/har-validator/package.json
143 verbose installManyTop reading scoped package data from /Users/tehsis/workspace/bunnywars/node_modules/has/package.json
144 verbose installManyTop reading scoped package data from /Users/tehsis/workspace/bunnywars/node_modules/has-ansi/package.json
145 verbose installManyTop reading scoped package data from /Users/tehsis/workspace/bunnywars/node_modules/hash.js/package.json
146 verbose installManyTop reading scoped package data from /Users/tehsis/workspace/bunnywars/node_modules/hawk/package.json
147 verbose installManyTop reading scoped package data from /Users/tehsis/workspace/bunnywars/node_modules/hoek/package.json
148 verbose installManyTop reading scoped package data from /Users/tehsis/workspace/bunnywars/node_modules/hosted-git-info/package.json
149 verbose installManyTop reading scoped package data from /Users/tehsis/workspace/bunnywars/node_modules/htmlescape/package.json
150 verbose installManyTop reading scoped package data from /Users/tehsis/workspace/bunnywars/node_modules/http-server/package.json
151 verbose installManyTop reading scoped package data from /Users/tehsis/workspace/bunnywars/node_modules/http-signature/package.json
152 verbose installManyTop reading scoped package data from /Users/tehsis/workspace/bunnywars/node_modules/https-browserify/package.json
153 verbose installManyTop reading scoped package data from /Users/tehsis/workspace/bunnywars/node_modules/ieee754/package.json
154 verbose installManyTop reading scoped package data from /Users/tehsis/workspace/bunnywars/node_modules/imagemin-pngquant/package.json
155 verbose installManyTop reading scoped package data from /Users/tehsis/workspace/bunnywars/node_modules/immutable/package.json
156 verbose installManyTop reading scoped package data from /Users/tehsis/workspace/bunnywars/node_modules/imurmurhash/package.json
157 verbose installManyTop reading scoped package data from /Users/tehsis/workspace/bunnywars/node_modules/indexof/package.json
158 verbose installManyTop reading scoped package data from /Users/tehsis/workspace/bunnywars/node_modules/infinity-agent/package.json
159 verbose installManyTop reading scoped package data from /Users/tehsis/workspace/bunnywars/node_modules/inflight/package.json
160 verbose installManyTop reading scoped package data from /Users/tehsis/workspace/bunnywars/node_modules/inherits/package.json
161 verbose installManyTop reading scoped package data from /Users/tehsis/workspace/bunnywars/node_modules/ini/package.json
162 verbose installManyTop reading scoped package data from /Users/tehsis/workspace/bunnywars/node_modules/init-package-json/package.json
163 verbose installManyTop reading scoped package data from /Users/tehsis/workspace/bunnywars/node_modules/inline-source-map/package.json
164 verbose installManyTop reading scoped package data from /Users/tehsis/workspace/bunnywars/node_modules/inquirer/package.json
165 verbose installManyTop reading scoped package data from /Users/tehsis/workspace/bunnywars/node_modules/insert-module-globals/package.json
166 verbose installManyTop reading scoped package data from /Users/tehsis/workspace/bunnywars/node_modules/insight/package.json
167 verbose installManyTop reading scoped package data from /Users/tehsis/workspace/bunnywars/node_modules/interpret/package.json
168 verbose installManyTop reading scoped package data from /Users/tehsis/workspace/bunnywars/node_modules/is-buffer/package.json
169 verbose installManyTop reading scoped package data from /Users/tehsis/workspace/bunnywars/node_modules/is-builtin-module/package.json
170 verbose installManyTop reading scoped package data from /Users/tehsis/workspace/bunnywars/node_modules/is-finite/package.json
171 verbose installManyTop reading scoped package data from /Users/tehsis/workspace/bunnywars/node_modules/is-fullwidth-code-point/package.json
172 verbose installManyTop reading scoped package data from /Users/tehsis/workspace/bunnywars/node_modules/is-my-json-valid/package.json
173 verbose installManyTop reading scoped package data from /Users/tehsis/workspace/bunnywars/node_modules/is-npm/package.json
174 verbose installManyTop reading scoped package data from /Users/tehsis/workspace/bunnywars/node_modules/is-property/package.json
175 verbose installManyTop reading scoped package data from /Users/tehsis/workspace/bunnywars/node_modules/is-redirect/package.json
176 verbose installManyTop reading scoped package data from /Users/tehsis/workspace/bunnywars/node_modules/is-stream/package.json
177 verbose installManyTop reading scoped package data from /Users/tehsis/workspace/bunnywars/node_modules/is-typedarray/package.json
178 verbose installManyTop reading scoped package data from /Users/tehsis/workspace/bunnywars/node_modules/is-url/package.json
179 verbose installManyTop reading scoped package data from /Users/tehsis/workspace/bunnywars/node_modules/isarray/package.json
180 verbose installManyTop reading scoped package data from /Users/tehsis/workspace/bunnywars/node_modules/isomorphic-fetch/package.json
181 verbose installManyTop reading scoped package data from /Users/tehsis/workspace/bunnywars/node_modules/isstream/package.json
182 verbose installManyTop reading scoped package data from /Users/tehsis/workspace/bunnywars/node_modules/jju/package.json
183 verbose installManyTop reading scoped package data from /Users/tehsis/workspace/bunnywars/node_modules/jodid25519/package.json
184 verbose installManyTop reading scoped package data from /Users/tehsis/workspace/bunnywars/node_modules/jsbn/package.json
185 verbose installManyTop reading scoped package data from /Users/tehsis/workspace/bunnywars/node_modules/json-parse-helpfulerror/package.json
186 verbose installManyTop reading scoped package data from /Users/tehsis/workspace/bunnywars/node_modules/json-schema/package.json
187 verbose installManyTop reading scoped package data from /Users/tehsis/workspace/bunnywars/node_modules/json-stable-stringify/package.json
188 verbose installManyTop reading scoped package data from /Users/tehsis/workspace/bunnywars/node_modules/json-stringify-safe/package.json
189 verbose installManyTop reading scoped package data from /Users/tehsis/workspace/bunnywars/node_modules/jsonify/package.json
190 verbose installManyTop reading scoped package data from /Users/tehsis/workspace/bunnywars/node_modules/jsonparse/package.json
191 verbose installManyTop reading scoped package data from /Users/tehsis/workspace/bunnywars/node_modules/jsonpointer/package.json
192 verbose installManyTop reading scoped package data from /Users/tehsis/workspace/bunnywars/node_modules/jsprim/package.json
193 verbose installManyTop reading scoped package data from /Users/tehsis/workspace/bunnywars/node_modules/labeled-stream-splicer/package.json
194 verbose installManyTop reading scoped package data from /Users/tehsis/workspace/bunnywars/node_modules/latest-version/package.json
195 verbose installManyTop reading scoped package data from /Users/tehsis/workspace/bunnywars/node_modules/less/package.json
196 verbose installManyTop reading scoped package data from /Users/tehsis/workspace/bunnywars/node_modules/lexical-scope/package.json
197 verbose installManyTop reading scoped package data from /Users/tehsis/workspace/bunnywars/node_modules/lodash/package.json
198 verbose installManyTop reading scoped package data from /Users/tehsis/workspace/bunnywars/node_modules/lodash._getnative/package.json
199 verbose installManyTop reading scoped package data from /Users/tehsis/workspace/bunnywars/node_modules/lodash.debounce/package.json
200 verbose installManyTop reading scoped package data from /Users/tehsis/workspace/bunnywars/node_modules/lodash.memoize/package.json
201 verbose installManyTop reading scoped package data from /Users/tehsis/workspace/bunnywars/node_modules/lowercase-keys/package.json
202 verbose installManyTop reading scoped package data from /Users/tehsis/workspace/bunnywars/node_modules/miller-rabin/package.json
203 verbose installManyTop reading scoped package data from /Users/tehsis/workspace/bunnywars/node_modules/mime/package.json
204 verbose installManyTop reading scoped package data from /Users/tehsis/workspace/bunnywars/node_modules/mime-db/package.json
205 verbose installManyTop reading scoped package data from /Users/tehsis/workspace/bunnywars/node_modules/mime-types/package.json
206 verbose installManyTop reading scoped package data from /Users/tehsis/workspace/bunnywars/node_modules/minimalistic-assert/package.json
207 verbose installManyTop reading scoped package data from /Users/tehsis/workspace/bunnywars/node_modules/minimatch/package.json
208 verbose installManyTop reading scoped package data from /Users/tehsis/workspace/bunnywars/node_modules/minimist/package.json
209 verbose installManyTop reading scoped package data from /Users/tehsis/workspace/bunnywars/node_modules/minimize/package.json
210 verbose installManyTop reading scoped package data from /Users/tehsis/workspace/bunnywars/node_modules/mkdirp/package.json
211 verbose installManyTop reading scoped package data from /Users/tehsis/workspace/bunnywars/node_modules/module-deps/package.json
212 verbose installManyTop reading scoped package data from /Users/tehsis/workspace/bunnywars/node_modules/ms/package.json
213 verbose installManyTop reading scoped package data from /Users/tehsis/workspace/bunnywars/node_modules/mute-stream/package.json
214 verbose installManyTop reading scoped package data from /Users/tehsis/workspace/bunnywars/node_modules/negotiator/package.json
215 verbose installManyTop reading scoped package data from /Users/tehsis/workspace/bunnywars/node_modules/nested-error-stacks/package.json
216 verbose installManyTop reading scoped package data from /Users/tehsis/workspace/bunnywars/node_modules/node-uuid/package.json
217 verbose installManyTop reading scoped package data from /Users/tehsis/workspace/bunnywars/node_modules/nopt/package.json
218 verbose installManyTop reading scoped package data from /Users/tehsis/workspace/bunnywars/node_modules/normalize-css/package.json
219 verbose installManyTop reading scoped package data from /Users/tehsis/workspace/bunnywars/node_modules/normalize-package-data/package.json
220 verbose installManyTop reading scoped package data from /Users/tehsis/workspace/bunnywars/node_modules/npm/package.json
221 verbose installManyTop reading scoped package data from /Users/tehsis/workspace/bunnywars/node_modules/npm-package-arg/package.json
222 verbose installManyTop reading scoped package data from /Users/tehsis/workspace/bunnywars/node_modules/number-is-nan/package.json
223 verbose installManyTop reading scoped package data from /Users/tehsis/workspace/bunnywars/node_modules/oauth-sign/package.json
224 verbose installManyTop reading scoped package data from /Users/tehsis/workspace/bunnywars/node_modules/object-assign/package.json
225 verbose installManyTop reading scoped package data from /Users/tehsis/workspace/bunnywars/node_modules/object-keys/package.json
226 verbose installManyTop reading scoped package data from /Users/tehsis/workspace/bunnywars/node_modules/on-headers/package.json
227 verbose installManyTop reading scoped package data from /Users/tehsis/workspace/bunnywars/node_modules/once/package.json
228 verbose installManyTop reading scoped package data from /Users/tehsis/workspace/bunnywars/node_modules/onetime/package.json
229 verbose installManyTop reading scoped package data from /Users/tehsis/workspace/bunnywars/node_modules/opener/package.json
230 verbose installManyTop reading scoped package data from /Users/tehsis/workspace/bunnywars/node_modules/os-browserify/package.json
231 verbose installManyTop reading scoped package data from /Users/tehsis/workspace/bunnywars/node_modules/os-homedir/package.json
232 verbose installManyTop reading scoped package data from /Users/tehsis/workspace/bunnywars/node_modules/os-name/package.json
233 verbose installManyTop reading scoped package data from /Users/tehsis/workspace/bunnywars/node_modules/os-tmpdir/package.json
234 verbose installManyTop reading scoped package data from /Users/tehsis/workspace/bunnywars/node_modules/osenv/package.json
235 verbose installManyTop reading scoped package data from /Users/tehsis/workspace/bunnywars/node_modules/osx-release/package.json
236 verbose installManyTop reading scoped package data from /Users/tehsis/workspace/bunnywars/node_modules/package-json/package.json
237 verbose installManyTop reading scoped package data from /Users/tehsis/workspace/bunnywars/node_modules/pako/package.json
238 verbose installManyTop reading scoped package data from /Users/tehsis/workspace/bunnywars/node_modules/parents/package.json
239 verbose installManyTop reading scoped package data from /Users/tehsis/workspace/bunnywars/node_modules/parse-asn1/package.json
240 verbose installManyTop reading scoped package data from /Users/tehsis/workspace/bunnywars/node_modules/path-browserify/package.json
241 verbose installManyTop reading scoped package data from /Users/tehsis/workspace/bunnywars/node_modules/path-is-absolute/package.json
242 verbose installManyTop reading scoped package data from /Users/tehsis/workspace/bunnywars/node_modules/path-platform/package.json
243 verbose installManyTop reading scoped package data from /Users/tehsis/workspace/bunnywars/node_modules/pbkdf2/package.json
244 verbose installManyTop reading scoped package data from /Users/tehsis/workspace/bunnywars/node_modules/pegjs/package.json
245 verbose installManyTop reading scoped package data from /Users/tehsis/workspace/bunnywars/node_modules/phaser/package.json
246 verbose installManyTop reading scoped package data from /Users/tehsis/workspace/bunnywars/node_modules/phaser-swipe/package.json
247 verbose installManyTop reading scoped package data from /Users/tehsis/workspace/bunnywars/node_modules/pinkie/package.json
248 verbose installManyTop reading scoped package data from /Users/tehsis/workspace/bunnywars/node_modules/pinkie-promise/package.json
249 verbose installManyTop reading scoped package data from /Users/tehsis/workspace/bunnywars/node_modules/plist/package.json
250 verbose installManyTop reading scoped package data from /Users/tehsis/workspace/bunnywars/node_modules/pngquant-bin/package.json
251 verbose installManyTop reading scoped package data from /Users/tehsis/workspace/bunnywars/node_modules/prepend-http/package.json
252 verbose installManyTop reading scoped package data from /Users/tehsis/workspace/bunnywars/node_modules/process/package.json
253 verbose installManyTop reading scoped package data from /Users/tehsis/workspace/bunnywars/node_modules/process-nextick-args/package.json
254 verbose installManyTop reading scoped package data from /Users/tehsis/workspace/bunnywars/node_modules/promzard/package.json
255 verbose installManyTop reading scoped package data from /Users/tehsis/workspace/bunnywars/node_modules/properties-parser/package.json
256 verbose installManyTop reading scoped package data from /Users/tehsis/workspace/bunnywars/node_modules/public-encrypt/package.json
257 verbose installManyTop reading scoped package data from /Users/tehsis/workspace/bunnywars/node_modules/punycode/package.json
258 verbose installManyTop reading scoped package data from /Users/tehsis/workspace/bunnywars/node_modules/q/package.json
259 verbose installManyTop reading scoped package data from /Users/tehsis/workspace/bunnywars/node_modules/qs/package.json
260 verbose installManyTop reading scoped package data from /Users/tehsis/workspace/bunnywars/node_modules/querystring/package.json
261 verbose installManyTop reading scoped package data from /Users/tehsis/workspace/bunnywars/node_modules/querystring-es3/package.json
262 verbose installManyTop reading scoped package data from /Users/tehsis/workspace/bunnywars/node_modules/randombytes/package.json
263 verbose installManyTop reading scoped package data from /Users/tehsis/workspace/bunnywars/node_modules/rc/package.json
264 verbose installManyTop reading scoped package data from /Users/tehsis/workspace/bunnywars/node_modules/read/package.json
265 verbose installManyTop reading scoped package data from /Users/tehsis/workspace/bunnywars/node_modules/read-all-stream/package.json
266 verbose installManyTop reading scoped package data from /Users/tehsis/workspace/bunnywars/node_modules/read-only-stream/package.json
267 verbose installManyTop reading scoped package data from /Users/tehsis/workspace/bunnywars/node_modules/read-package-json/package.json
268 verbose installManyTop reading scoped package data from /Users/tehsis/workspace/bunnywars/node_modules/readable-stream/package.json
269 verbose installManyTop reading scoped package data from /Users/tehsis/workspace/bunnywars/node_modules/readline2/package.json
270 verbose installManyTop reading scoped package data from /Users/tehsis/workspace/bunnywars/node_modules/rechoir/package.json
271 verbose installManyTop reading scoped package data from /Users/tehsis/workspace/bunnywars/node_modules/registry-url/package.json
272 verbose installManyTop reading scoped package data from /Users/tehsis/workspace/bunnywars/node_modules/repeating/package.json
273 verbose installManyTop reading scoped package data from /Users/tehsis/workspace/bunnywars/node_modules/request/package.json
274 verbose installManyTop reading scoped package data from /Users/tehsis/workspace/bunnywars/node_modules/resolve/package.json
275 verbose installManyTop reading scoped package data from /Users/tehsis/workspace/bunnywars/node_modules/restore-cursor/package.json
276 verbose installManyTop reading scoped package data from /Users/tehsis/workspace/bunnywars/node_modules/rimraf/package.json
277 verbose installManyTop reading scoped package data from /Users/tehsis/workspace/bunnywars/node_modules/ripemd160/package.json
278 verbose installManyTop reading scoped package data from /Users/tehsis/workspace/bunnywars/node_modules/run-async/package.json
279 verbose installManyTop reading scoped package data from /Users/tehsis/workspace/bunnywars/node_modules/rx-lite/package.json
280 verbose installManyTop reading scoped package data from /Users/tehsis/workspace/bunnywars/node_modules/sax/package.json
281 verbose installManyTop reading scoped package data from /Users/tehsis/workspace/bunnywars/node_modules/script-loader/package.json
282 verbose installManyTop reading scoped package data from /Users/tehsis/workspace/bunnywars/node_modules/semver/package.json
283 verbose installManyTop reading scoped package data from /Users/tehsis/workspace/bunnywars/node_modules/semver-diff/package.json
284 verbose installManyTop reading scoped package data from /Users/tehsis/workspace/bunnywars/node_modules/sha.js/package.json
285 verbose installManyTop reading scoped package data from /Users/tehsis/workspace/bunnywars/node_modules/shasum/package.json
286 verbose installManyTop reading scoped package data from /Users/tehsis/workspace/bunnywars/node_modules/shell-quote/package.json
287 verbose installManyTop reading scoped package data from /Users/tehsis/workspace/bunnywars/node_modules/shelljs/package.json
288 verbose installManyTop reading scoped package data from /Users/tehsis/workspace/bunnywars/node_modules/simple-plist/package.json
289 verbose installManyTop reading scoped package data from /Users/tehsis/workspace/bunnywars/node_modules/slide/package.json
290 verbose installManyTop reading scoped package data from /Users/tehsis/workspace/bunnywars/node_modules/sntp/package.json
291 verbose installManyTop reading scoped package data from /Users/tehsis/workspace/bunnywars/node_modules/source-map/package.json
292 verbose installManyTop reading scoped package data from /Users/tehsis/workspace/bunnywars/node_modules/spdx-correct/package.json
293 verbose installManyTop reading scoped package data from /Users/tehsis/workspace/bunnywars/node_modules/spdx-expression-parse/package.json
294 verbose installManyTop reading scoped package data from /Users/tehsis/workspace/bunnywars/node_modules/spdx-license-ids/package.json
295 verbose installManyTop reading scoped package data from /Users/tehsis/workspace/bunnywars/node_modules/sshpk/package.json
296 verbose installManyTop reading scoped package data from /Users/tehsis/workspace/bunnywars/node_modules/stream-browserify/package.json
297 verbose installManyTop reading scoped package data from /Users/tehsis/workspace/bunnywars/node_modules/stream-buffers/package.json
298 verbose installManyTop reading scoped package data from /Users/tehsis/workspace/bunnywars/node_modules/stream-combiner2/package.json
299 verbose installManyTop reading scoped package data from /Users/tehsis/workspace/bunnywars/node_modules/stream-http/package.json
300 verbose installManyTop reading scoped package data from /Users/tehsis/workspace/bunnywars/node_modules/stream-shift/package.json
301 verbose installManyTop reading scoped package data from /Users/tehsis/workspace/bunnywars/node_modules/stream-splicer/package.json
302 verbose installManyTop reading scoped package data from /Users/tehsis/workspace/bunnywars/node_modules/string-length/package.json
303 verbose installManyTop reading scoped package data from /Users/tehsis/workspace/bunnywars/node_modules/string_decoder/package.json
304 verbose installManyTop reading scoped package data from /Users/tehsis/workspace/bunnywars/node_modules/stringstream/package.json
305 verbose installManyTop reading scoped package data from /Users/tehsis/workspace/bunnywars/node_modules/strip-ansi/package.json
306 verbose installManyTop reading scoped package data from /Users/tehsis/workspace/bunnywars/node_modules/strip-json-comments/package.json
307 verbose installManyTop reading scoped package data from /Users/tehsis/workspace/bunnywars/node_modules/subarg/package.json
308 verbose installManyTop reading scoped package data from /Users/tehsis/workspace/bunnywars/node_modules/supports-color/package.json
309 verbose installManyTop reading scoped package data from /Users/tehsis/workspace/bunnywars/node_modules/syntax-error/package.json
310 verbose installManyTop reading scoped package data from /Users/tehsis/workspace/bunnywars/node_modules/tar/package.json
311 verbose installManyTop reading scoped package data from /Users/tehsis/workspace/bunnywars/node_modules/through/package.json
312 verbose installManyTop reading scoped package data from /Users/tehsis/workspace/bunnywars/node_modules/through2/package.json
313 verbose installManyTop reading scoped package data from /Users/tehsis/workspace/bunnywars/node_modules/timed-out/package.json
314 verbose installManyTop reading scoped package data from /Users/tehsis/workspace/bunnywars/node_modules/timers-browserify/package.json
315 verbose installManyTop reading scoped package data from /Users/tehsis/workspace/bunnywars/node_modules/to-arraybuffer/package.json
316 verbose installManyTop reading scoped package data from /Users/tehsis/workspace/bunnywars/node_modules/tough-cookie/package.json
317 verbose installManyTop reading scoped package data from /Users/tehsis/workspace/bunnywars/node_modules/ts-loader/package.json
318 verbose installManyTop reading scoped package data from /Users/tehsis/workspace/bunnywars/node_modules/tty-browserify/package.json
319 verbose installManyTop reading scoped package data from /Users/tehsis/workspace/bunnywars/node_modules/tunnel-agent/package.json
320 verbose installManyTop reading scoped package data from /Users/tehsis/workspace/bunnywars/node_modules/tweetnacl/package.json
321 verbose installManyTop reading scoped package data from /Users/tehsis/workspace/bunnywars/node_modules/typedarray/package.json
322 verbose installManyTop reading scoped package data from /Users/tehsis/workspace/bunnywars/node_modules/typescript/package.json
323 verbose installManyTop reading scoped package data from /Users/tehsis/workspace/bunnywars/node_modules/umd/package.json
324 verbose installManyTop reading scoped package data from /Users/tehsis/workspace/bunnywars/node_modules/underscore/package.json
325 verbose installManyTop reading scoped package data from /Users/tehsis/workspace/bunnywars/node_modules/unorm/package.json
326 verbose installManyTop reading scoped package data from /Users/tehsis/workspace/bunnywars/node_modules/update-notifier/package.json
327 verbose installManyTop reading scoped package data from /Users/tehsis/workspace/bunnywars/node_modules/url/package.json
328 verbose installManyTop reading scoped package data from /Users/tehsis/workspace/bunnywars/node_modules/util/package.json
329 verbose installManyTop reading scoped package data from /Users/tehsis/workspace/bunnywars/node_modules/util-deprecate/package.json
330 verbose installManyTop reading scoped package data from /Users/tehsis/workspace/bunnywars/node_modules/uuid/package.json
331 verbose installManyTop reading scoped package data from /Users/tehsis/workspace/bunnywars/node_modules/valid-identifier/package.json
332 verbose installManyTop reading scoped package data from /Users/tehsis/workspace/bunnywars/node_modules/validate-npm-package-license/package.json
333 verbose installManyTop reading scoped package data from /Users/tehsis/workspace/bunnywars/node_modules/validate-npm-package-name/package.json
334 verbose installManyTop reading scoped package data from /Users/tehsis/workspace/bunnywars/node_modules/vary/package.json
335 verbose installManyTop reading scoped package data from /Users/tehsis/workspace/bunnywars/node_modules/verror/package.json
336 verbose installManyTop reading scoped package data from /Users/tehsis/workspace/bunnywars/node_modules/vm-browserify/package.json
337 verbose installManyTop reading scoped package data from /Users/tehsis/workspace/bunnywars/node_modules/webfontloader/package.json
338 verbose installManyTop reading scoped package data from /Users/tehsis/workspace/bunnywars/node_modules/webpack/package.json
339 verbose installManyTop reading scoped package data from /Users/tehsis/workspace/bunnywars/node_modules/win-release/package.json
340 verbose installManyTop reading scoped package data from /Users/tehsis/workspace/bunnywars/node_modules/wrappy/package.json
341 verbose installManyTop reading scoped package data from /Users/tehsis/workspace/bunnywars/node_modules/write-file-atomic/package.json
342 verbose installManyTop reading scoped package data from /Users/tehsis/workspace/bunnywars/node_modules/xcode/package.json
343 verbose installManyTop reading scoped package data from /Users/tehsis/workspace/bunnywars/node_modules/xdg-basedir/package.json
344 verbose installManyTop reading scoped package data from /Users/tehsis/workspace/bunnywars/node_modules/xenious-cordova-plugin-facebook4/package.json
345 verbose installManyTop reading scoped package data from /Users/tehsis/workspace/bunnywars/node_modules/xmlbuilder/package.json
346 verbose installManyTop reading scoped package data from /Users/tehsis/workspace/bunnywars/node_modules/xmldom/package.json
347 verbose installManyTop reading scoped package data from /Users/tehsis/workspace/bunnywars/node_modules/xtend/package.json
348 verbose installManyTop reading scoped package data from /Users/tehsis/workspace/bunnywars/node_modules/@types/auth0-lock/package.json
349 verbose installManyTop reading scoped package data from /Users/tehsis/workspace/bunnywars/node_modules/@types/cordova/package.json
350 verbose installManyTop reading scoped package data from /Users/tehsis/workspace/bunnywars/node_modules/@types/es6-promise/package.json
351 verbose installManyTop reading scoped package data from /Users/tehsis/workspace/bunnywars/node_modules/@types/form-data/package.json
352 verbose installManyTop reading scoped package data from /Users/tehsis/workspace/bunnywars/node_modules/@types/isomorphic-fetch/package.json
353 verbose installManyTop reading scoped package data from /Users/tehsis/workspace/bunnywars/node_modules/@types/webfontloader/package.json
354 info package.json asn1@0.1.11 No license field.
355 info package.json assert-plus@0.1.5 No license field.
356 info package.json aws-sign2@0.5.0 No license field.
357 info package.json assert@1.3.0 assert is also the name of a node core module.
358 info package.json bcrypt-pbkdf@1.0.0 No repository field.
359 info package.json boom@0.4.2 No license field.
360 info package.json buffer@4.9.1 buffer is also the name of a node core module.
361 info package.json caseless@0.6.0 license should be a valid SPDX license expression
362 info package.json combined-stream@0.0.7 No license field.
363 info package.json console-browserify@1.1.0 No license field.
364 info package.json cordova-registry-mapper@1.1.15 license should be a valid SPDX license expression
365 info package.json cryptiles@0.2.2 No license field.
366 info package.json ctype@0.5.3 No license field.
367 info package.json date-now@0.1.4 No license field.
368 info package.json dep-graph@1.1.0 No license field.
369 info package.json delayed-stream@0.0.5 No license field.
370 info package.json dependency-ls@1.0.0 license should be a valid SPDX license expression
371 info package.json elementtree@0.1.6 No license field.
372 info package.json events@1.1.1 events is also the name of a node core module.
373 info package.json forever-agent@0.5.2 No license field.
374 info package.json extsprintf@1.0.2 No license field.
375 info package.json function-bind@1.1.0 No license field.
376 info package.json gulp-minify-css@1.2.4 No repository field.
377 info package.json has@1.0.1 No license field.
378 info package.json hoek@0.9.1 No license field.
379 info package.json hawk@1.1.1 No license field.
380 info package.json indexof@0.0.1 No repository field.
381 info package.json indexof@0.0.1 No license field.
382 info package.json jju@1.3.0 license should be a valid SPDX license expression
383 info package.json jsbn@0.1.0 license should be a valid SPDX license expression
384 info package.json json-schema@0.2.3 No license field.
385 info package.json jsonify@0.0.0 license should be a valid SPDX license expression
386 info package.json mime@1.2.11 No license field.
387 info package.json ms@0.7.1 No license field.
388 info package.json node-uuid@1.4.7 No license field.
389 info package.json nopt@3.0.1 license should be a valid SPDX license expression
390 info package.json oauth-sign@0.4.0 No license field.
391 info package.json properties-parser@0.2.3 No license field.
392 info package.json process@0.11.9 process is also the name of a node core module.
393 info package.json punycode@1.4.1 punycode is also the name of a node core module.
394 info package.json querystring@0.2.0 querystring is also the name of a node core module.
395 info package.json querystring@0.2.0 No license field.
396 info package.json qs@2.3.3 No license field.
397 info package.json querystring-es3@0.2.1 No license field.
398 info package.json q@1.0.1 license should be a valid SPDX license expression
399 info package.json rechoir@0.6.2 No license field.
400 info package.json rx-lite@3.1.2 No license field.
401 info package.json sax@0.3.5 license should be a valid SPDX license expression
402 info package.json shelljs@0.5.3 license should be a valid SPDX license expression
403 info package.json sntp@0.2.4 No license field.
404 info package.json stream-buffers@0.2.6 No license field.
405 info package.json string_decoder@0.10.31 string_decoder is also the name of a node core module.
406 info package.json tar@1.0.2 license should be a valid SPDX license expression
407 info package.json timers-browserify@1.4.2 No license field.
408 info package.json url@0.11.0 url is also the name of a node core module.
409 info package.json underscore@1.7.0 No license field.
410 info package.json unorm@1.4.1 license should be a valid SPDX license expression
411 info package.json util@0.10.3 util is also the name of a node core module.
412 info package.json valid-identifier@0.0.1 license should be a valid SPDX license expression
413 info package.json verror@1.3.6 No license field.
414 info package.json xcode@0.8.9 No license field.
415 info package.json xmldom@0.1.27 No license field.
416 info package.json script-loader@0.7.0 No license field.
417 verbose readDependencies loading dependencies from /Users/tehsis/workspace/bunnywars/package.json
418 silly cache add args [ '@types/cordova-plugin-nativestorage', null ]
419 verbose cache add spec @types/cordova-plugin-nativestorage
420 silly cache add parsed spec Result {
420 silly cache add   raw: '@types/cordova-plugin-nativestorage',
420 silly cache add   scope: '@types',
420 silly cache add   name: '@types/cordova-plugin-nativestorage',
420 silly cache add   rawSpec: '',
420 silly cache add   spec: 'latest',
420 silly cache add   type: 'tag' }
421 silly addNamed @types/cordova-plugin-nativestorage@latest
422 verbose addNamed "latest" is being treated as a dist-tag for @types/cordova-plugin-nativestorage
423 info addNameTag [ '@types/cordova-plugin-nativestorage', 'latest' ]
424 silly mapToRegistry name @types/cordova-plugin-nativestorage
425 silly mapToRegistry scope (from package name) @types
426 verbose mapToRegistry no registry URL found in name for scope @types
427 silly mapToRegistry using default registry
428 silly mapToRegistry registry https://registry.npmjs.org/
429 silly mapToRegistry data Result {
429 silly mapToRegistry   raw: '@types/cordova-plugin-nativestorage',
429 silly mapToRegistry   scope: '@types',
429 silly mapToRegistry   name: '@types/cordova-plugin-nativestorage',
429 silly mapToRegistry   rawSpec: '',
429 silly mapToRegistry   spec: 'latest',
429 silly mapToRegistry   type: 'tag' }
430 silly mapToRegistry uri https://registry.npmjs.org/@types%2fcordova-plugin-nativestorage
431 verbose addNameTag registry:https://registry.npmjs.org/@types%2fcordova-plugin-nativestorage not in flight; fetching
432 verbose request uri https://registry.npmjs.org/@types%2fcordova-plugin-nativestorage
433 verbose request no auth needed
434 info attempt registry request try #1 at 9:02:59 AM
435 verbose request using bearer token for auth
436 verbose request id 7e14c8ce548cbcba
437 http request GET https://registry.npmjs.org/@types%2fcordova-plugin-nativestorage
438 http 404 https://registry.npmjs.org/@types%2fcordova-plugin-nativestorage
439 verbose headers { 'content-type': 'application/json',
439 verbose headers   'cache-control': 'max-age=0',
439 verbose headers   'content-length': '2',
439 verbose headers   'accept-ranges': 'bytes',
439 verbose headers   date: 'Sat, 28 Jan 2017 12:03:00 GMT',
439 verbose headers   via: '1.1 varnish',
439 verbose headers   connection: 'keep-alive',
439 verbose headers   'x-served-by': 'cache-gru7126-GRU',
439 verbose headers   'x-cache': 'MISS',
439 verbose headers   'x-cache-hits': '0',
439 verbose headers   'x-timer': 'S1485604979.346061,VS0,VE1035',
439 verbose headers   vary: 'Accept-Encoding' }
440 silly get cb [ 404,
440 silly get   { 'content-type': 'application/json',
440 silly get     'cache-control': 'max-age=0',
440 silly get     'content-length': '2',
440 silly get     'accept-ranges': 'bytes',
440 silly get     date: 'Sat, 28 Jan 2017 12:03:00 GMT',
440 silly get     via: '1.1 varnish',
440 silly get     connection: 'keep-alive',
440 silly get     'x-served-by': 'cache-gru7126-GRU',
440 silly get     'x-cache': 'MISS',
440 silly get     'x-cache-hits': '0',
440 silly get     'x-timer': 'S1485604979.346061,VS0,VE1035',
440 silly get     vary: 'Accept-Encoding' } ]
441 verbose stack Error: Registry returned 404 for GET on https://registry.npmjs.org/@types%2fcordova-plugin-nativestorage
441 verbose stack     at makeError (/Users/tehsis/.nvm/versions/node/v4.4.3/lib/node_modules/npm/node_modules/npm-registry-client/lib/request.js:264:12)
441 verbose stack     at CachingRegistryClient.<anonymous> (/Users/tehsis/.nvm/versions/node/v4.4.3/lib/node_modules/npm/node_modules/npm-registry-client/lib/request.js:242:14)
441 verbose stack     at Request._callback (/Users/tehsis/.nvm/versions/node/v4.4.3/lib/node_modules/npm/node_modules/npm-registry-client/lib/request.js:172:14)
441 verbose stack     at Request.self.callback (/Users/tehsis/.nvm/versions/node/v4.4.3/lib/node_modules/npm/node_modules/request/request.js:199:22)
441 verbose stack     at emitTwo (events.js:87:13)
441 verbose stack     at Request.emit (events.js:172:7)
441 verbose stack     at Request.<anonymous> (/Users/tehsis/.nvm/versions/node/v4.4.3/lib/node_modules/npm/node_modules/request/request.js:1036:10)
441 verbose stack     at emitOne (events.js:82:20)
441 verbose stack     at Request.emit (events.js:169:7)
441 verbose stack     at IncomingMessage.<anonymous> (/Users/tehsis/.nvm/versions/node/v4.4.3/lib/node_modules/npm/node_modules/request/request.js:963:12)
442 verbose statusCode 404
443 verbose pkgid @types/cordova-plugin-nativestorage
444 verbose cwd /Users/tehsis/workspace/bunnywars
445 error Darwin 16.4.0
446 error argv "/Users/tehsis/.nvm/versions/node/v4.4.3/bin/node" "/Users/tehsis/.nvm/versions/node/v4.4.3/bin/npm" "i" "--save" "@types/cordova-plugin-nativestorage"
447 error node v4.4.3
448 error npm  v2.15.1
449 error code E404
450 error 404 Registry returned 404 for GET on https://registry.npmjs.org/@types%2fcordova-plugin-nativestorage
450 error 404
450 error 404 '@types/cordova-plugin-nativestorage' is not in the npm registry.
450 error 404 You should bug the author to publish it (or use the name yourself!)
450 error 404 It was specified as a dependency of 'bunnywars'
450 error 404
450 error 404 Note that you can also install from a
450 error 404 tarball, folder, http url, or git url.
451 verbose exit [ 1, true ]
